<html>
<head>
<title>TestNG:  Test</title>
<link href="../testng.css" rel="stylesheet" type="text/css" />
<link href="../my-testng.css" rel="stylesheet" type="text/css" />

<style type="text/css">
.log { display: none;} 
.stack-trace { display: none;} 
</style>
<script type="text/javascript">
<!--
function flip(e) {
  current = e.style.display;
  if (current == 'block') {
    e.style.display = 'none';
    return 0;
  }
  else {
    e.style.display = 'block';
    return 1;
  }
}

function toggleBox(szDivId, elem, msg1, msg2)
{
  var res = -1;  if (document.getElementById) {
    res = flip(document.getElementById(szDivId));
  }
  else if (document.all) {
    // this is the way old msie versions work
    res = flip(document.all[szDivId]);
  }
  if(elem) {
    if(res == 0) elem.innerHTML = msg1; else elem.innerHTML = msg2;
  }

}

function toggleAllBoxes() {
  if (document.getElementsByTagName) {
    d = document.getElementsByTagName('div');
    for (i = 0; i < d.length; i++) {
      if (d[i].className == 'log') {
        flip(d[i]);
      }
    }
  }
}

// -->
</script>

</head>
<body>
<h2 align='center'>Test</h2><table border='1' align="center">
<tr>
<td>Tests passed/Failed/Skipped:</td><td>19/13/0</td>
</tr><tr>
<td>Started on:</td><td>Mon Sep 09 02:12:18 IST 2019</td>
</tr>
<tr><td>Total time:</td><td>4 seconds (4387 ms)</td>
</tr><tr>
<td>Included groups:</td><td></td>
</tr><tr>
<td>Excluded groups:</td><td></td>
</tr>
</table><p/>
<small><i>(Hover the method name to see the test class name)</i></small><p/>
<table width='100%' border='1' class='invocation-failed'>
<tr><td colspan='4' align='center'><b>FAILED TESTS</b></td></tr>
<tr><td><b>Test method</b></td>
<td width="30%"><b>Exception</b></td>
<td width="10%"><b>Time (seconds)</b></td>
<td><b>Instance</b></td>
</tr>
<tr>
<td title='postAPITests.BatchValidation.TC01_batch_request()'><b>TC01_batch_request</b><br>Test class: postAPITests.BatchValidation<br>Test method: Run batch request</td>
<td><div><pre>java.lang.AssertionError: The following asserts failed:
	Status mismatch ovserved for TC --&gt; tc06_spot_illegal_entity expected [ERROR] but found [SUCCESS],
	Message mismatch observed for TC --&gt; tc06_spot_illegal_entity expected [true] but found [false],
	Status mismatch ovserved for TC --&gt; tc09_spot_value_date_currency_non_working_day expected [ERROR] but found [SUCCESS],
	Message mismatch observed for TC --&gt; tc09_spot_value_date_currency_non_working_day expected [true] but found [false],
	Status mismatch ovserved for TC --&gt; tc010_spot_invalid_value_date expected [ERROR] but found [SUCCESS],
	Message mismatch observed for TC --&gt; tc010_spot_invalid_value_date expected [true] but found [false],
	Status mismatch ovserved for TC --&gt; tc15_forward_value_date_currency_non_working_day expected [ERROR] but found [SUCCESS],
	Message mismatch observed for TC --&gt; tc15_forward_value_date_currency_non_working_day expected [true] but found [false],
	Status mismatch ovserved for TC --&gt; tc16_invalid_value_date expected [ERROR] but found [SUCCESS],
	Message mismatch observed for TC --&gt; tc16_invalid_value_date expected [true] but found [false],
	Status mismatch ovserved for TC --&gt; tc18_options_american_excerciseStartDate_before_tradeDate_and_expiryDate expected [ERROR] but found [SUCCESS],
	Message mismatch observed for TC --&gt; tc18_options_american_excerciseStartDate_before_tradeDate_and_expiryDate expected [true] but found [false],
	Status mismatch ovserved for TC --&gt; tc19_options_american_excerciseStartDate_after_tradeDate_and_expiryDate expected [ERROR] but found [SUCCESS],
	Message mismatch observed for TC --&gt; tc19_options_american_excerciseStartDate_after_tradeDate_and_expiryDate expected [true] but found [false],
	Message mismatch observed for TC --&gt; tc20_options_american_deliveryDate_before_premiumDate expected [true] but found [false],
	Status mismatch ovserved for TC --&gt; tc24_options_american_missing_excerciseStartDate expected [ERROR] but found [SUCCESS],
	Message mismatch observed for TC --&gt; tc24_options_american_missing_excerciseStartDate expected [true] but found [false],
	Status mismatch ovserved for TC --&gt; tc25_options_american_invalid_tradeDate expected [ERROR] but found [SUCCESS],
	Message mismatch observed for TC --&gt; tc25_options_american_invalid_tradeDate expected [true] but found [false],
	Message mismatch observed for TC --&gt; tc28_options_european_premiumDate_same_as_deliveryDate expected [true] but found [false],
	Status mismatch ovserved for TC --&gt; tc31_options_european_invalid_deliveryDate expected [ERROR] but found [SUCCESS],
	Message mismatch observed for TC --&gt; tc31_options_european_invalid_deliveryDate expected [true] but found [false]
	at postAPITests.BatchValidation.validate(BatchValidation.java:56)
	at postAPITests.BatchValidation.TC01_batch_request(BatchValidation.java:34)
... Removed 26 stack frames</pre></div><a href='#' onClick='toggleBox("stack-trace1235635586", this, "Click to show all stack frames", "Click to hide stack frames")'>Click to show all stack frames</a>
<div class='stack-trace' id='stack-trace1235635586'><pre>java.lang.AssertionError: The following asserts failed:
	Status mismatch ovserved for TC --&gt; tc06_spot_illegal_entity expected [ERROR] but found [SUCCESS],
	Message mismatch observed for TC --&gt; tc06_spot_illegal_entity expected [true] but found [false],
	Status mismatch ovserved for TC --&gt; tc09_spot_value_date_currency_non_working_day expected [ERROR] but found [SUCCESS],
	Message mismatch observed for TC --&gt; tc09_spot_value_date_currency_non_working_day expected [true] but found [false],
	Status mismatch ovserved for TC --&gt; tc010_spot_invalid_value_date expected [ERROR] but found [SUCCESS],
	Message mismatch observed for TC --&gt; tc010_spot_invalid_value_date expected [true] but found [false],
	Status mismatch ovserved for TC --&gt; tc15_forward_value_date_currency_non_working_day expected [ERROR] but found [SUCCESS],
	Message mismatch observed for TC --&gt; tc15_forward_value_date_currency_non_working_day expected [true] but found [false],
	Status mismatch ovserved for TC --&gt; tc16_invalid_value_date expected [ERROR] but found [SUCCESS],
	Message mismatch observed for TC --&gt; tc16_invalid_value_date expected [true] but found [false],
	Status mismatch ovserved for TC --&gt; tc18_options_american_excerciseStartDate_before_tradeDate_and_expiryDate expected [ERROR] but found [SUCCESS],
	Message mismatch observed for TC --&gt; tc18_options_american_excerciseStartDate_before_tradeDate_and_expiryDate expected [true] but found [false],
	Status mismatch ovserved for TC --&gt; tc19_options_american_excerciseStartDate_after_tradeDate_and_expiryDate expected [ERROR] but found [SUCCESS],
	Message mismatch observed for TC --&gt; tc19_options_american_excerciseStartDate_after_tradeDate_and_expiryDate expected [true] but found [false],
	Message mismatch observed for TC --&gt; tc20_options_american_deliveryDate_before_premiumDate expected [true] but found [false],
	Status mismatch ovserved for TC --&gt; tc24_options_american_missing_excerciseStartDate expected [ERROR] but found [SUCCESS],
	Message mismatch observed for TC --&gt; tc24_options_american_missing_excerciseStartDate expected [true] but found [false],
	Status mismatch ovserved for TC --&gt; tc25_options_american_invalid_tradeDate expected [ERROR] but found [SUCCESS],
	Message mismatch observed for TC --&gt; tc25_options_american_invalid_tradeDate expected [true] but found [false],
	Message mismatch observed for TC --&gt; tc28_options_european_premiumDate_same_as_deliveryDate expected [true] but found [false],
	Status mismatch ovserved for TC --&gt; tc31_options_european_invalid_deliveryDate expected [ERROR] but found [SUCCESS],
	Message mismatch observed for TC --&gt; tc31_options_european_invalid_deliveryDate expected [true] but found [false]
	at org.testng.asserts.SoftAssert.assertAll(SoftAssert.java:43)
	at postAPITests.BatchValidation.validate(BatchValidation.java:56)
	at postAPITests.BatchValidation.TC01_batch_request(BatchValidation.java:34)
	at sun.reflect.NativeMethodAccessorImpl.invoke0(Native Method)
	at sun.reflect.NativeMethodAccessorImpl.invoke(NativeMethodAccessorImpl.java:62)
	at sun.reflect.DelegatingMethodAccessorImpl.invoke(DelegatingMethodAccessorImpl.java:43)
	at java.lang.reflect.Method.invoke(Method.java:497)
	at org.testng.internal.MethodInvocationHelper.invokeMethod(MethodInvocationHelper.java:124)
	at org.testng.internal.Invoker.invokeMethod(Invoker.java:583)
	at org.testng.internal.Invoker.invokeTestMethod(Invoker.java:719)
	at org.testng.internal.Invoker.invokeTestMethods(Invoker.java:989)
	at org.testng.internal.TestMethodWorker.invokeTestMethods(TestMethodWorker.java:125)
	at org.testng.internal.TestMethodWorker.run(TestMethodWorker.java:109)
	at org.testng.TestRunner.privateRun(TestRunner.java:648)
	at org.testng.TestRunner.run(TestRunner.java:505)
	at org.testng.SuiteRunner.runTest(SuiteRunner.java:455)
	at org.testng.SuiteRunner.runSequentially(SuiteRunner.java:450)
	at org.testng.SuiteRunner.privateRun(SuiteRunner.java:415)
	at org.testng.SuiteRunner.run(SuiteRunner.java:364)
	at org.testng.SuiteRunnerWorker.runSuite(SuiteRunnerWorker.java:52)
	at org.testng.SuiteRunnerWorker.run(SuiteRunnerWorker.java:84)
	at org.testng.TestNG.runSuitesSequentially(TestNG.java:1208)
	at org.testng.TestNG.runSuitesLocally(TestNG.java:1137)
	at org.testng.TestNG.runSuites(TestNG.java:1049)
	at org.testng.TestNG.run(TestNG.java:1017)
	at org.testng.remote.AbstractRemoteTestNG.run(AbstractRemoteTestNG.java:132)
	at org.testng.remote.RemoteTestNG.initAndRun(RemoteTestNG.java:230)
	at org.testng.remote.RemoteTestNG.main(RemoteTestNG.java:76)
</pre></div></td>
<td>0</td>
<td>postAPITests.BatchValidation@59f99ea</td></tr>
<tr>
<td title='postAPITests.SpotTradeTests.tc010_spot_invalid_value_date()'><b>tc010_spot_invalid_value_date</b><br>Test class: postAPITests.SpotTradeTests<br>Test method: SPOT:Invalid Value date should throw an error</td>
<td><div><pre>java.lang.AssertionError: The following asserts failed:
	Expected and actual post response status doesn&apos;t match expected [ERROR] but found [SUCCESS],
	Expected and actual Post response messages doesn&apos;t match expected [true] but found [false]
	at postAPITests.SpotTradeTests.validate(SpotTradeTests.java:148)
	at postAPITests.SpotTradeTests.tc010_spot_invalid_value_date(SpotTradeTests.java:135)
... Removed 26 stack frames</pre></div><a href='#' onClick='toggleBox("stack-trace224060798", this, "Click to show all stack frames", "Click to hide stack frames")'>Click to show all stack frames</a>
<div class='stack-trace' id='stack-trace224060798'><pre>java.lang.AssertionError: The following asserts failed:
	Expected and actual post response status doesn&apos;t match expected [ERROR] but found [SUCCESS],
	Expected and actual Post response messages doesn&apos;t match expected [true] but found [false]
	at org.testng.asserts.SoftAssert.assertAll(SoftAssert.java:43)
	at postAPITests.SpotTradeTests.validate(SpotTradeTests.java:148)
	at postAPITests.SpotTradeTests.tc010_spot_invalid_value_date(SpotTradeTests.java:135)
	at sun.reflect.NativeMethodAccessorImpl.invoke0(Native Method)
	at sun.reflect.NativeMethodAccessorImpl.invoke(NativeMethodAccessorImpl.java:62)
	at sun.reflect.DelegatingMethodAccessorImpl.invoke(DelegatingMethodAccessorImpl.java:43)
	at java.lang.reflect.Method.invoke(Method.java:497)
	at org.testng.internal.MethodInvocationHelper.invokeMethod(MethodInvocationHelper.java:124)
	at org.testng.internal.Invoker.invokeMethod(Invoker.java:583)
	at org.testng.internal.Invoker.invokeTestMethod(Invoker.java:719)
	at org.testng.internal.Invoker.invokeTestMethods(Invoker.java:989)
	at org.testng.internal.TestMethodWorker.invokeTestMethods(TestMethodWorker.java:125)
	at org.testng.internal.TestMethodWorker.run(TestMethodWorker.java:109)
	at org.testng.TestRunner.privateRun(TestRunner.java:648)
	at org.testng.TestRunner.run(TestRunner.java:505)
	at org.testng.SuiteRunner.runTest(SuiteRunner.java:455)
	at org.testng.SuiteRunner.runSequentially(SuiteRunner.java:450)
	at org.testng.SuiteRunner.privateRun(SuiteRunner.java:415)
	at org.testng.SuiteRunner.run(SuiteRunner.java:364)
	at org.testng.SuiteRunnerWorker.runSuite(SuiteRunnerWorker.java:52)
	at org.testng.SuiteRunnerWorker.run(SuiteRunnerWorker.java:84)
	at org.testng.TestNG.runSuitesSequentially(TestNG.java:1208)
	at org.testng.TestNG.runSuitesLocally(TestNG.java:1137)
	at org.testng.TestNG.runSuites(TestNG.java:1049)
	at org.testng.TestNG.run(TestNG.java:1017)
	at org.testng.remote.AbstractRemoteTestNG.run(AbstractRemoteTestNG.java:132)
	at org.testng.remote.RemoteTestNG.initAndRun(RemoteTestNG.java:230)
	at org.testng.remote.RemoteTestNG.main(RemoteTestNG.java:76)
</pre></div></td>
<td>1</td>
<td>postAPITests.SpotTradeTests@ae45eb6</td></tr>
<tr>
<td title='postAPITests.SpotTradeTests.tc06_spot_illegal_entity()'><b>tc06_spot_illegal_entity</b><br>Test class: postAPITests.SpotTradeTests<br>Test method: SPOT:Using an illegal entity should throw an error</td>
<td><div><pre>java.lang.AssertionError: The following asserts failed:
	Expected and actual post response status doesn&apos;t match expected [ERROR] but found [SUCCESS],
	Expected and actual Post response messages doesn&apos;t match expected [true] but found [false]
	at postAPITests.SpotTradeTests.validate(SpotTradeTests.java:148)
	at postAPITests.SpotTradeTests.tc06_spot_illegal_entity(SpotTradeTests.java:91)
... Removed 26 stack frames</pre></div><a href='#' onClick='toggleBox("stack-trace789982400", this, "Click to show all stack frames", "Click to hide stack frames")'>Click to show all stack frames</a>
<div class='stack-trace' id='stack-trace789982400'><pre>java.lang.AssertionError: The following asserts failed:
	Expected and actual post response status doesn&apos;t match expected [ERROR] but found [SUCCESS],
	Expected and actual Post response messages doesn&apos;t match expected [true] but found [false]
	at org.testng.asserts.SoftAssert.assertAll(SoftAssert.java:43)
	at postAPITests.SpotTradeTests.validate(SpotTradeTests.java:148)
	at postAPITests.SpotTradeTests.tc06_spot_illegal_entity(SpotTradeTests.java:91)
	at sun.reflect.NativeMethodAccessorImpl.invoke0(Native Method)
	at sun.reflect.NativeMethodAccessorImpl.invoke(NativeMethodAccessorImpl.java:62)
	at sun.reflect.DelegatingMethodAccessorImpl.invoke(DelegatingMethodAccessorImpl.java:43)
	at java.lang.reflect.Method.invoke(Method.java:497)
	at org.testng.internal.MethodInvocationHelper.invokeMethod(MethodInvocationHelper.java:124)
	at org.testng.internal.Invoker.invokeMethod(Invoker.java:583)
	at org.testng.internal.Invoker.invokeTestMethod(Invoker.java:719)
	at org.testng.internal.Invoker.invokeTestMethods(Invoker.java:989)
	at org.testng.internal.TestMethodWorker.invokeTestMethods(TestMethodWorker.java:125)
	at org.testng.internal.TestMethodWorker.run(TestMethodWorker.java:109)
	at org.testng.TestRunner.privateRun(TestRunner.java:648)
	at org.testng.TestRunner.run(TestRunner.java:505)
	at org.testng.SuiteRunner.runTest(SuiteRunner.java:455)
	at org.testng.SuiteRunner.runSequentially(SuiteRunner.java:450)
	at org.testng.SuiteRunner.privateRun(SuiteRunner.java:415)
	at org.testng.SuiteRunner.run(SuiteRunner.java:364)
	at org.testng.SuiteRunnerWorker.runSuite(SuiteRunnerWorker.java:52)
	at org.testng.SuiteRunnerWorker.run(SuiteRunnerWorker.java:84)
	at org.testng.TestNG.runSuitesSequentially(TestNG.java:1208)
	at org.testng.TestNG.runSuitesLocally(TestNG.java:1137)
	at org.testng.TestNG.runSuites(TestNG.java:1049)
	at org.testng.TestNG.run(TestNG.java:1017)
	at org.testng.remote.AbstractRemoteTestNG.run(AbstractRemoteTestNG.java:132)
	at org.testng.remote.RemoteTestNG.initAndRun(RemoteTestNG.java:230)
	at org.testng.remote.RemoteTestNG.main(RemoteTestNG.java:76)
</pre></div></td>
<td>0</td>
<td>postAPITests.SpotTradeTests@ae45eb6</td></tr>
<tr>
<td title='postAPITests.SpotTradeTests.tc09_spot_value_date_currency_non_working_day()'><b>tc09_spot_value_date_currency_non_working_day</b><br>Test class: postAPITests.SpotTradeTests<br>Test method: SPOT:Value date on currency non-working day should throw an error</td>
<td><div><pre>java.lang.AssertionError: The following asserts failed:
	Expected and actual post response status doesn&apos;t match expected [ERROR] but found [SUCCESS],
	Expected and actual Post response messages doesn&apos;t match expected [true] but found [false]
	at postAPITests.SpotTradeTests.validate(SpotTradeTests.java:148)
	at postAPITests.SpotTradeTests.tc09_spot_value_date_currency_non_working_day(SpotTradeTests.java:124)
... Removed 26 stack frames</pre></div><a href='#' onClick='toggleBox("stack-trace1806378373", this, "Click to show all stack frames", "Click to hide stack frames")'>Click to show all stack frames</a>
<div class='stack-trace' id='stack-trace1806378373'><pre>java.lang.AssertionError: The following asserts failed:
	Expected and actual post response status doesn&apos;t match expected [ERROR] but found [SUCCESS],
	Expected and actual Post response messages doesn&apos;t match expected [true] but found [false]
	at org.testng.asserts.SoftAssert.assertAll(SoftAssert.java:43)
	at postAPITests.SpotTradeTests.validate(SpotTradeTests.java:148)
	at postAPITests.SpotTradeTests.tc09_spot_value_date_currency_non_working_day(SpotTradeTests.java:124)
	at sun.reflect.NativeMethodAccessorImpl.invoke0(Native Method)
	at sun.reflect.NativeMethodAccessorImpl.invoke(NativeMethodAccessorImpl.java:62)
	at sun.reflect.DelegatingMethodAccessorImpl.invoke(DelegatingMethodAccessorImpl.java:43)
	at java.lang.reflect.Method.invoke(Method.java:497)
	at org.testng.internal.MethodInvocationHelper.invokeMethod(MethodInvocationHelper.java:124)
	at org.testng.internal.Invoker.invokeMethod(Invoker.java:583)
	at org.testng.internal.Invoker.invokeTestMethod(Invoker.java:719)
	at org.testng.internal.Invoker.invokeTestMethods(Invoker.java:989)
	at org.testng.internal.TestMethodWorker.invokeTestMethods(TestMethodWorker.java:125)
	at org.testng.internal.TestMethodWorker.run(TestMethodWorker.java:109)
	at org.testng.TestRunner.privateRun(TestRunner.java:648)
	at org.testng.TestRunner.run(TestRunner.java:505)
	at org.testng.SuiteRunner.runTest(SuiteRunner.java:455)
	at org.testng.SuiteRunner.runSequentially(SuiteRunner.java:450)
	at org.testng.SuiteRunner.privateRun(SuiteRunner.java:415)
	at org.testng.SuiteRunner.run(SuiteRunner.java:364)
	at org.testng.SuiteRunnerWorker.runSuite(SuiteRunnerWorker.java:52)
	at org.testng.SuiteRunnerWorker.run(SuiteRunnerWorker.java:84)
	at org.testng.TestNG.runSuitesSequentially(TestNG.java:1208)
	at org.testng.TestNG.runSuitesLocally(TestNG.java:1137)
	at org.testng.TestNG.runSuites(TestNG.java:1049)
	at org.testng.TestNG.run(TestNG.java:1017)
	at org.testng.remote.AbstractRemoteTestNG.run(AbstractRemoteTestNG.java:132)
	at org.testng.remote.RemoteTestNG.initAndRun(RemoteTestNG.java:230)
	at org.testng.remote.RemoteTestNG.main(RemoteTestNG.java:76)
</pre></div></td>
<td>0</td>
<td>postAPITests.SpotTradeTests@ae45eb6</td></tr>
<tr>
<td title='postAPITests.ForwardTradeTests.tc15_forward_value_date_currency_non_working_day()'><b>tc15_forward_value_date_currency_non_working_day</b><br>Test class: postAPITests.ForwardTradeTests<br>Test method: FORWARD:Value date on currency non-working day should throw an error</td>
<td><div><pre>java.lang.AssertionError: The following asserts failed:
	Expected and actual post response status doesn&apos;t match expected [ERROR] but found [SUCCESS],
	Expected and actual Post response messages doesn&apos;t match expected [true] but found [false]
	at postAPITests.ForwardTradeTests.validate(ForwardTradeTests.java:104)
	at postAPITests.ForwardTradeTests.tc15_forward_value_date_currency_non_working_day(ForwardTradeTests.java:80)
... Removed 26 stack frames</pre></div><a href='#' onClick='toggleBox("stack-trace637091966", this, "Click to show all stack frames", "Click to hide stack frames")'>Click to show all stack frames</a>
<div class='stack-trace' id='stack-trace637091966'><pre>java.lang.AssertionError: The following asserts failed:
	Expected and actual post response status doesn&apos;t match expected [ERROR] but found [SUCCESS],
	Expected and actual Post response messages doesn&apos;t match expected [true] but found [false]
	at org.testng.asserts.SoftAssert.assertAll(SoftAssert.java:43)
	at postAPITests.ForwardTradeTests.validate(ForwardTradeTests.java:104)
	at postAPITests.ForwardTradeTests.tc15_forward_value_date_currency_non_working_day(ForwardTradeTests.java:80)
	at sun.reflect.NativeMethodAccessorImpl.invoke0(Native Method)
	at sun.reflect.NativeMethodAccessorImpl.invoke(NativeMethodAccessorImpl.java:62)
	at sun.reflect.DelegatingMethodAccessorImpl.invoke(DelegatingMethodAccessorImpl.java:43)
	at java.lang.reflect.Method.invoke(Method.java:497)
	at org.testng.internal.MethodInvocationHelper.invokeMethod(MethodInvocationHelper.java:124)
	at org.testng.internal.Invoker.invokeMethod(Invoker.java:583)
	at org.testng.internal.Invoker.invokeTestMethod(Invoker.java:719)
	at org.testng.internal.Invoker.invokeTestMethods(Invoker.java:989)
	at org.testng.internal.TestMethodWorker.invokeTestMethods(TestMethodWorker.java:125)
	at org.testng.internal.TestMethodWorker.run(TestMethodWorker.java:109)
	at org.testng.TestRunner.privateRun(TestRunner.java:648)
	at org.testng.TestRunner.run(TestRunner.java:505)
	at org.testng.SuiteRunner.runTest(SuiteRunner.java:455)
	at org.testng.SuiteRunner.runSequentially(SuiteRunner.java:450)
	at org.testng.SuiteRunner.privateRun(SuiteRunner.java:415)
	at org.testng.SuiteRunner.run(SuiteRunner.java:364)
	at org.testng.SuiteRunnerWorker.runSuite(SuiteRunnerWorker.java:52)
	at org.testng.SuiteRunnerWorker.run(SuiteRunnerWorker.java:84)
	at org.testng.TestNG.runSuitesSequentially(TestNG.java:1208)
	at org.testng.TestNG.runSuitesLocally(TestNG.java:1137)
	at org.testng.TestNG.runSuites(TestNG.java:1049)
	at org.testng.TestNG.run(TestNG.java:1017)
	at org.testng.remote.AbstractRemoteTestNG.run(AbstractRemoteTestNG.java:132)
	at org.testng.remote.RemoteTestNG.initAndRun(RemoteTestNG.java:230)
	at org.testng.remote.RemoteTestNG.main(RemoteTestNG.java:76)
</pre></div></td>
<td>0</td>
<td>postAPITests.ForwardTradeTests@3532ec19</td></tr>
<tr>
<td title='postAPITests.ForwardTradeTests.tc16_invalid_value_date()'><b>tc16_invalid_value_date</b><br>Test class: postAPITests.ForwardTradeTests<br>Test method: FORWARD:Invalid value date should throw an error</td>
<td><div><pre>java.lang.AssertionError: The following asserts failed:
	Expected and actual post response status doesn&apos;t match expected [ERROR] but found [SUCCESS],
	Expected and actual Post response messages doesn&apos;t match expected [true] but found [false]
	at postAPITests.ForwardTradeTests.validate(ForwardTradeTests.java:104)
	at postAPITests.ForwardTradeTests.tc16_invalid_value_date(ForwardTradeTests.java:91)
... Removed 26 stack frames</pre></div><a href='#' onClick='toggleBox("stack-trace32393008", this, "Click to show all stack frames", "Click to hide stack frames")'>Click to show all stack frames</a>
<div class='stack-trace' id='stack-trace32393008'><pre>java.lang.AssertionError: The following asserts failed:
	Expected and actual post response status doesn&apos;t match expected [ERROR] but found [SUCCESS],
	Expected and actual Post response messages doesn&apos;t match expected [true] but found [false]
	at org.testng.asserts.SoftAssert.assertAll(SoftAssert.java:43)
	at postAPITests.ForwardTradeTests.validate(ForwardTradeTests.java:104)
	at postAPITests.ForwardTradeTests.tc16_invalid_value_date(ForwardTradeTests.java:91)
	at sun.reflect.NativeMethodAccessorImpl.invoke0(Native Method)
	at sun.reflect.NativeMethodAccessorImpl.invoke(NativeMethodAccessorImpl.java:62)
	at sun.reflect.DelegatingMethodAccessorImpl.invoke(DelegatingMethodAccessorImpl.java:43)
	at java.lang.reflect.Method.invoke(Method.java:497)
	at org.testng.internal.MethodInvocationHelper.invokeMethod(MethodInvocationHelper.java:124)
	at org.testng.internal.Invoker.invokeMethod(Invoker.java:583)
	at org.testng.internal.Invoker.invokeTestMethod(Invoker.java:719)
	at org.testng.internal.Invoker.invokeTestMethods(Invoker.java:989)
	at org.testng.internal.TestMethodWorker.invokeTestMethods(TestMethodWorker.java:125)
	at org.testng.internal.TestMethodWorker.run(TestMethodWorker.java:109)
	at org.testng.TestRunner.privateRun(TestRunner.java:648)
	at org.testng.TestRunner.run(TestRunner.java:505)
	at org.testng.SuiteRunner.runTest(SuiteRunner.java:455)
	at org.testng.SuiteRunner.runSequentially(SuiteRunner.java:450)
	at org.testng.SuiteRunner.privateRun(SuiteRunner.java:415)
	at org.testng.SuiteRunner.run(SuiteRunner.java:364)
	at org.testng.SuiteRunnerWorker.runSuite(SuiteRunnerWorker.java:52)
	at org.testng.SuiteRunnerWorker.run(SuiteRunnerWorker.java:84)
	at org.testng.TestNG.runSuitesSequentially(TestNG.java:1208)
	at org.testng.TestNG.runSuitesLocally(TestNG.java:1137)
	at org.testng.TestNG.runSuites(TestNG.java:1049)
	at org.testng.TestNG.run(TestNG.java:1017)
	at org.testng.remote.AbstractRemoteTestNG.run(AbstractRemoteTestNG.java:132)
	at org.testng.remote.RemoteTestNG.initAndRun(RemoteTestNG.java:230)
	at org.testng.remote.RemoteTestNG.main(RemoteTestNG.java:76)
</pre></div></td>
<td>0</td>
<td>postAPITests.ForwardTradeTests@3532ec19</td></tr>
<tr>
<td title='postAPITests.OptionTradeTests.tc18_options_american_excerciseStartDate_before_tradeDate_and_expiryDate()'><b>tc18_options_american_excerciseStartDate_before_tradeDate_and_expiryDate</b><br>Test class: postAPITests.OptionTradeTests<br>Test method: OPTIONS:For American style, exerciseStartDate before trade date & expiry date should throw error</td>
<td><div><pre>java.lang.AssertionError: The following asserts failed:
	Expected and actual post response status doesn&apos;t match expected [ERROR] but found [SUCCESS],
	Expected and actual Post response messages doesn&apos;t match expected [true] but found [false]
	at postAPITests.OptionTradeTests.validate(OptionTradeTests.java:204)
	at postAPITests.OptionTradeTests.tc18_options_american_excerciseStartDate_before_tradeDate_and_expiryDate(OptionTradeTests.java:46)
... Removed 26 stack frames</pre></div><a href='#' onClick='toggleBox("stack-trace1181545730", this, "Click to show all stack frames", "Click to hide stack frames")'>Click to show all stack frames</a>
<div class='stack-trace' id='stack-trace1181545730'><pre>java.lang.AssertionError: The following asserts failed:
	Expected and actual post response status doesn&apos;t match expected [ERROR] but found [SUCCESS],
	Expected and actual Post response messages doesn&apos;t match expected [true] but found [false]
	at org.testng.asserts.SoftAssert.assertAll(SoftAssert.java:43)
	at postAPITests.OptionTradeTests.validate(OptionTradeTests.java:204)
	at postAPITests.OptionTradeTests.tc18_options_american_excerciseStartDate_before_tradeDate_and_expiryDate(OptionTradeTests.java:46)
	at sun.reflect.NativeMethodAccessorImpl.invoke0(Native Method)
	at sun.reflect.NativeMethodAccessorImpl.invoke(NativeMethodAccessorImpl.java:62)
	at sun.reflect.DelegatingMethodAccessorImpl.invoke(DelegatingMethodAccessorImpl.java:43)
	at java.lang.reflect.Method.invoke(Method.java:497)
	at org.testng.internal.MethodInvocationHelper.invokeMethod(MethodInvocationHelper.java:124)
	at org.testng.internal.Invoker.invokeMethod(Invoker.java:583)
	at org.testng.internal.Invoker.invokeTestMethod(Invoker.java:719)
	at org.testng.internal.Invoker.invokeTestMethods(Invoker.java:989)
	at org.testng.internal.TestMethodWorker.invokeTestMethods(TestMethodWorker.java:125)
	at org.testng.internal.TestMethodWorker.run(TestMethodWorker.java:109)
	at org.testng.TestRunner.privateRun(TestRunner.java:648)
	at org.testng.TestRunner.run(TestRunner.java:505)
	at org.testng.SuiteRunner.runTest(SuiteRunner.java:455)
	at org.testng.SuiteRunner.runSequentially(SuiteRunner.java:450)
	at org.testng.SuiteRunner.privateRun(SuiteRunner.java:415)
	at org.testng.SuiteRunner.run(SuiteRunner.java:364)
	at org.testng.SuiteRunnerWorker.runSuite(SuiteRunnerWorker.java:52)
	at org.testng.SuiteRunnerWorker.run(SuiteRunnerWorker.java:84)
	at org.testng.TestNG.runSuitesSequentially(TestNG.java:1208)
	at org.testng.TestNG.runSuitesLocally(TestNG.java:1137)
	at org.testng.TestNG.runSuites(TestNG.java:1049)
	at org.testng.TestNG.run(TestNG.java:1017)
	at org.testng.remote.AbstractRemoteTestNG.run(AbstractRemoteTestNG.java:132)
	at org.testng.remote.RemoteTestNG.initAndRun(RemoteTestNG.java:230)
	at org.testng.remote.RemoteTestNG.main(RemoteTestNG.java:76)
</pre></div></td>
<td>0</td>
<td>postAPITests.OptionTradeTests@68c4039c</td></tr>
<tr>
<td title='postAPITests.OptionTradeTests.tc19_options_american_excerciseStartDate_after_tradeDate_and_expiryDate()'><b>tc19_options_american_excerciseStartDate_after_tradeDate_and_expiryDate</b><br>Test class: postAPITests.OptionTradeTests<br>Test method: OPTIONS:For American style, exerciseStartDate after trade date & expiry date should throw error</td>
<td><div><pre>java.lang.AssertionError: The following asserts failed:
	Expected and actual post response status doesn&apos;t match expected [ERROR] but found [SUCCESS],
	Expected and actual Post response messages doesn&apos;t match expected [true] but found [false]
	at postAPITests.OptionTradeTests.validate(OptionTradeTests.java:204)
	at postAPITests.OptionTradeTests.tc19_options_american_excerciseStartDate_after_tradeDate_and_expiryDate(OptionTradeTests.java:57)
... Removed 26 stack frames</pre></div><a href='#' onClick='toggleBox("stack-trace1988746735", this, "Click to show all stack frames", "Click to hide stack frames")'>Click to show all stack frames</a>
<div class='stack-trace' id='stack-trace1988746735'><pre>java.lang.AssertionError: The following asserts failed:
	Expected and actual post response status doesn&apos;t match expected [ERROR] but found [SUCCESS],
	Expected and actual Post response messages doesn&apos;t match expected [true] but found [false]
	at org.testng.asserts.SoftAssert.assertAll(SoftAssert.java:43)
	at postAPITests.OptionTradeTests.validate(OptionTradeTests.java:204)
	at postAPITests.OptionTradeTests.tc19_options_american_excerciseStartDate_after_tradeDate_and_expiryDate(OptionTradeTests.java:57)
	at sun.reflect.NativeMethodAccessorImpl.invoke0(Native Method)
	at sun.reflect.NativeMethodAccessorImpl.invoke(NativeMethodAccessorImpl.java:62)
	at sun.reflect.DelegatingMethodAccessorImpl.invoke(DelegatingMethodAccessorImpl.java:43)
	at java.lang.reflect.Method.invoke(Method.java:497)
	at org.testng.internal.MethodInvocationHelper.invokeMethod(MethodInvocationHelper.java:124)
	at org.testng.internal.Invoker.invokeMethod(Invoker.java:583)
	at org.testng.internal.Invoker.invokeTestMethod(Invoker.java:719)
	at org.testng.internal.Invoker.invokeTestMethods(Invoker.java:989)
	at org.testng.internal.TestMethodWorker.invokeTestMethods(TestMethodWorker.java:125)
	at org.testng.internal.TestMethodWorker.run(TestMethodWorker.java:109)
	at org.testng.TestRunner.privateRun(TestRunner.java:648)
	at org.testng.TestRunner.run(TestRunner.java:505)
	at org.testng.SuiteRunner.runTest(SuiteRunner.java:455)
	at org.testng.SuiteRunner.runSequentially(SuiteRunner.java:450)
	at org.testng.SuiteRunner.privateRun(SuiteRunner.java:415)
	at org.testng.SuiteRunner.run(SuiteRunner.java:364)
	at org.testng.SuiteRunnerWorker.runSuite(SuiteRunnerWorker.java:52)
	at org.testng.SuiteRunnerWorker.run(SuiteRunnerWorker.java:84)
	at org.testng.TestNG.runSuitesSequentially(TestNG.java:1208)
	at org.testng.TestNG.runSuitesLocally(TestNG.java:1137)
	at org.testng.TestNG.runSuites(TestNG.java:1049)
	at org.testng.TestNG.run(TestNG.java:1017)
	at org.testng.remote.AbstractRemoteTestNG.run(AbstractRemoteTestNG.java:132)
	at org.testng.remote.RemoteTestNG.initAndRun(RemoteTestNG.java:230)
	at org.testng.remote.RemoteTestNG.main(RemoteTestNG.java:76)
</pre></div></td>
<td>0</td>
<td>postAPITests.OptionTradeTests@68c4039c</td></tr>
<tr>
<td title='postAPITests.OptionTradeTests.tc20_options_american_deliveryDate_before_premiumDate()'><b>tc20_options_american_deliveryDate_before_premiumDate</b><br>Test class: postAPITests.OptionTradeTests<br>Test method: OPTIONS:For American style, deliveryDate before premiumDate should throw error</td>
<td><div><pre>java.lang.AssertionError: The following asserts failed:
	Expected and actual Post response messages doesn&apos;t match expected [true] but found [false]
	at postAPITests.OptionTradeTests.validate(OptionTradeTests.java:204)
	at postAPITests.OptionTradeTests.tc20_options_american_deliveryDate_before_premiumDate(OptionTradeTests.java:68)
... Removed 26 stack frames</pre></div><a href='#' onClick='toggleBox("stack-trace521342639", this, "Click to show all stack frames", "Click to hide stack frames")'>Click to show all stack frames</a>
<div class='stack-trace' id='stack-trace521342639'><pre>java.lang.AssertionError: The following asserts failed:
	Expected and actual Post response messages doesn&apos;t match expected [true] but found [false]
	at org.testng.asserts.SoftAssert.assertAll(SoftAssert.java:43)
	at postAPITests.OptionTradeTests.validate(OptionTradeTests.java:204)
	at postAPITests.OptionTradeTests.tc20_options_american_deliveryDate_before_premiumDate(OptionTradeTests.java:68)
	at sun.reflect.NativeMethodAccessorImpl.invoke0(Native Method)
	at sun.reflect.NativeMethodAccessorImpl.invoke(NativeMethodAccessorImpl.java:62)
	at sun.reflect.DelegatingMethodAccessorImpl.invoke(DelegatingMethodAccessorImpl.java:43)
	at java.lang.reflect.Method.invoke(Method.java:497)
	at org.testng.internal.MethodInvocationHelper.invokeMethod(MethodInvocationHelper.java:124)
	at org.testng.internal.Invoker.invokeMethod(Invoker.java:583)
	at org.testng.internal.Invoker.invokeTestMethod(Invoker.java:719)
	at org.testng.internal.Invoker.invokeTestMethods(Invoker.java:989)
	at org.testng.internal.TestMethodWorker.invokeTestMethods(TestMethodWorker.java:125)
	at org.testng.internal.TestMethodWorker.run(TestMethodWorker.java:109)
	at org.testng.TestRunner.privateRun(TestRunner.java:648)
	at org.testng.TestRunner.run(TestRunner.java:505)
	at org.testng.SuiteRunner.runTest(SuiteRunner.java:455)
	at org.testng.SuiteRunner.runSequentially(SuiteRunner.java:450)
	at org.testng.SuiteRunner.privateRun(SuiteRunner.java:415)
	at org.testng.SuiteRunner.run(SuiteRunner.java:364)
	at org.testng.SuiteRunnerWorker.runSuite(SuiteRunnerWorker.java:52)
	at org.testng.SuiteRunnerWorker.run(SuiteRunnerWorker.java:84)
	at org.testng.TestNG.runSuitesSequentially(TestNG.java:1208)
	at org.testng.TestNG.runSuitesLocally(TestNG.java:1137)
	at org.testng.TestNG.runSuites(TestNG.java:1049)
	at org.testng.TestNG.run(TestNG.java:1017)
	at org.testng.remote.AbstractRemoteTestNG.run(AbstractRemoteTestNG.java:132)
	at org.testng.remote.RemoteTestNG.initAndRun(RemoteTestNG.java:230)
	at org.testng.remote.RemoteTestNG.main(RemoteTestNG.java:76)
</pre></div></td>
<td>0</td>
<td>postAPITests.OptionTradeTests@68c4039c</td></tr>
<tr>
<td title='postAPITests.OptionTradeTests.tc24_options_american_missing_excerciseStartDate()'><b>tc24_options_american_missing_excerciseStartDate</b><br>Test class: postAPITests.OptionTradeTests<br>Test method: OPTIONS:For American style, missing exerciseStartDate should throw error</td>
<td><div><pre>java.lang.AssertionError: The following asserts failed:
	Expected and actual post response status doesn&apos;t match expected [ERROR] but found [SUCCESS],
	Expected and actual Post response messages doesn&apos;t match expected [true] but found [false]
	at postAPITests.OptionTradeTests.validate(OptionTradeTests.java:204)
	at postAPITests.OptionTradeTests.tc24_options_american_missing_excerciseStartDate(OptionTradeTests.java:112)
... Removed 26 stack frames</pre></div><a href='#' onClick='toggleBox("stack-trace220165304", this, "Click to show all stack frames", "Click to hide stack frames")'>Click to show all stack frames</a>
<div class='stack-trace' id='stack-trace220165304'><pre>java.lang.AssertionError: The following asserts failed:
	Expected and actual post response status doesn&apos;t match expected [ERROR] but found [SUCCESS],
	Expected and actual Post response messages doesn&apos;t match expected [true] but found [false]
	at org.testng.asserts.SoftAssert.assertAll(SoftAssert.java:43)
	at postAPITests.OptionTradeTests.validate(OptionTradeTests.java:204)
	at postAPITests.OptionTradeTests.tc24_options_american_missing_excerciseStartDate(OptionTradeTests.java:112)
	at sun.reflect.NativeMethodAccessorImpl.invoke0(Native Method)
	at sun.reflect.NativeMethodAccessorImpl.invoke(NativeMethodAccessorImpl.java:62)
	at sun.reflect.DelegatingMethodAccessorImpl.invoke(DelegatingMethodAccessorImpl.java:43)
	at java.lang.reflect.Method.invoke(Method.java:497)
	at org.testng.internal.MethodInvocationHelper.invokeMethod(MethodInvocationHelper.java:124)
	at org.testng.internal.Invoker.invokeMethod(Invoker.java:583)
	at org.testng.internal.Invoker.invokeTestMethod(Invoker.java:719)
	at org.testng.internal.Invoker.invokeTestMethods(Invoker.java:989)
	at org.testng.internal.TestMethodWorker.invokeTestMethods(TestMethodWorker.java:125)
	at org.testng.internal.TestMethodWorker.run(TestMethodWorker.java:109)
	at org.testng.TestRunner.privateRun(TestRunner.java:648)
	at org.testng.TestRunner.run(TestRunner.java:505)
	at org.testng.SuiteRunner.runTest(SuiteRunner.java:455)
	at org.testng.SuiteRunner.runSequentially(SuiteRunner.java:450)
	at org.testng.SuiteRunner.privateRun(SuiteRunner.java:415)
	at org.testng.SuiteRunner.run(SuiteRunner.java:364)
	at org.testng.SuiteRunnerWorker.runSuite(SuiteRunnerWorker.java:52)
	at org.testng.SuiteRunnerWorker.run(SuiteRunnerWorker.java:84)
	at org.testng.TestNG.runSuitesSequentially(TestNG.java:1208)
	at org.testng.TestNG.runSuitesLocally(TestNG.java:1137)
	at org.testng.TestNG.runSuites(TestNG.java:1049)
	at org.testng.TestNG.run(TestNG.java:1017)
	at org.testng.remote.AbstractRemoteTestNG.run(AbstractRemoteTestNG.java:132)
	at org.testng.remote.RemoteTestNG.initAndRun(RemoteTestNG.java:230)
	at org.testng.remote.RemoteTestNG.main(RemoteTestNG.java:76)
</pre></div></td>
<td>0</td>
<td>postAPITests.OptionTradeTests@68c4039c</td></tr>
<tr>
<td title='postAPITests.OptionTradeTests.tc25_options_american_invalid_tradeDate()'><b>tc25_options_american_invalid_tradeDate</b><br>Test class: postAPITests.OptionTradeTests<br>Test method: OPTIONS:For American style, invalid tradeDate should throw error</td>
<td><div><pre>java.lang.AssertionError: The following asserts failed:
	Expected and actual post response status doesn&apos;t match expected [ERROR] but found [SUCCESS],
	Expected and actual Post response messages doesn&apos;t match expected [true] but found [false]
	at postAPITests.OptionTradeTests.validate(OptionTradeTests.java:204)
	at postAPITests.OptionTradeTests.tc25_options_american_invalid_tradeDate(OptionTradeTests.java:123)
... Removed 26 stack frames</pre></div><a href='#' onClick='toggleBox("stack-trace846274760", this, "Click to show all stack frames", "Click to hide stack frames")'>Click to show all stack frames</a>
<div class='stack-trace' id='stack-trace846274760'><pre>java.lang.AssertionError: The following asserts failed:
	Expected and actual post response status doesn&apos;t match expected [ERROR] but found [SUCCESS],
	Expected and actual Post response messages doesn&apos;t match expected [true] but found [false]
	at org.testng.asserts.SoftAssert.assertAll(SoftAssert.java:43)
	at postAPITests.OptionTradeTests.validate(OptionTradeTests.java:204)
	at postAPITests.OptionTradeTests.tc25_options_american_invalid_tradeDate(OptionTradeTests.java:123)
	at sun.reflect.NativeMethodAccessorImpl.invoke0(Native Method)
	at sun.reflect.NativeMethodAccessorImpl.invoke(NativeMethodAccessorImpl.java:62)
	at sun.reflect.DelegatingMethodAccessorImpl.invoke(DelegatingMethodAccessorImpl.java:43)
	at java.lang.reflect.Method.invoke(Method.java:497)
	at org.testng.internal.MethodInvocationHelper.invokeMethod(MethodInvocationHelper.java:124)
	at org.testng.internal.Invoker.invokeMethod(Invoker.java:583)
	at org.testng.internal.Invoker.invokeTestMethod(Invoker.java:719)
	at org.testng.internal.Invoker.invokeTestMethods(Invoker.java:989)
	at org.testng.internal.TestMethodWorker.invokeTestMethods(TestMethodWorker.java:125)
	at org.testng.internal.TestMethodWorker.run(TestMethodWorker.java:109)
	at org.testng.TestRunner.privateRun(TestRunner.java:648)
	at org.testng.TestRunner.run(TestRunner.java:505)
	at org.testng.SuiteRunner.runTest(SuiteRunner.java:455)
	at org.testng.SuiteRunner.runSequentially(SuiteRunner.java:450)
	at org.testng.SuiteRunner.privateRun(SuiteRunner.java:415)
	at org.testng.SuiteRunner.run(SuiteRunner.java:364)
	at org.testng.SuiteRunnerWorker.runSuite(SuiteRunnerWorker.java:52)
	at org.testng.SuiteRunnerWorker.run(SuiteRunnerWorker.java:84)
	at org.testng.TestNG.runSuitesSequentially(TestNG.java:1208)
	at org.testng.TestNG.runSuitesLocally(TestNG.java:1137)
	at org.testng.TestNG.runSuites(TestNG.java:1049)
	at org.testng.TestNG.run(TestNG.java:1017)
	at org.testng.remote.AbstractRemoteTestNG.run(AbstractRemoteTestNG.java:132)
	at org.testng.remote.RemoteTestNG.initAndRun(RemoteTestNG.java:230)
	at org.testng.remote.RemoteTestNG.main(RemoteTestNG.java:76)
</pre></div></td>
<td>0</td>
<td>postAPITests.OptionTradeTests@68c4039c</td></tr>
<tr>
<td title='postAPITests.OptionTradeTests.tc28_options_european_premiumDate_same_as_deliveryDate()'><b>tc28_options_european_premiumDate_same_as_deliveryDate</b><br>Test class: postAPITests.OptionTradeTests<br>Test method: OPTIONS:For European style, when premiumDate & deliveryDate is same, API should throw error</td>
<td><div><pre>java.lang.AssertionError: The following asserts failed:
	Expected and actual Post response messages doesn&apos;t match expected [true] but found [false]
	at postAPITests.OptionTradeTests.validate(OptionTradeTests.java:204)
	at postAPITests.OptionTradeTests.tc28_options_european_premiumDate_same_as_deliveryDate(OptionTradeTests.java:157)
... Removed 26 stack frames</pre></div><a href='#' onClick='toggleBox("stack-trace1500379239", this, "Click to show all stack frames", "Click to hide stack frames")'>Click to show all stack frames</a>
<div class='stack-trace' id='stack-trace1500379239'><pre>java.lang.AssertionError: The following asserts failed:
	Expected and actual Post response messages doesn&apos;t match expected [true] but found [false]
	at org.testng.asserts.SoftAssert.assertAll(SoftAssert.java:43)
	at postAPITests.OptionTradeTests.validate(OptionTradeTests.java:204)
	at postAPITests.OptionTradeTests.tc28_options_european_premiumDate_same_as_deliveryDate(OptionTradeTests.java:157)
	at sun.reflect.NativeMethodAccessorImpl.invoke0(Native Method)
	at sun.reflect.NativeMethodAccessorImpl.invoke(NativeMethodAccessorImpl.java:62)
	at sun.reflect.DelegatingMethodAccessorImpl.invoke(DelegatingMethodAccessorImpl.java:43)
	at java.lang.reflect.Method.invoke(Method.java:497)
	at org.testng.internal.MethodInvocationHelper.invokeMethod(MethodInvocationHelper.java:124)
	at org.testng.internal.Invoker.invokeMethod(Invoker.java:583)
	at org.testng.internal.Invoker.invokeTestMethod(Invoker.java:719)
	at org.testng.internal.Invoker.invokeTestMethods(Invoker.java:989)
	at org.testng.internal.TestMethodWorker.invokeTestMethods(TestMethodWorker.java:125)
	at org.testng.internal.TestMethodWorker.run(TestMethodWorker.java:109)
	at org.testng.TestRunner.privateRun(TestRunner.java:648)
	at org.testng.TestRunner.run(TestRunner.java:505)
	at org.testng.SuiteRunner.runTest(SuiteRunner.java:455)
	at org.testng.SuiteRunner.runSequentially(SuiteRunner.java:450)
	at org.testng.SuiteRunner.privateRun(SuiteRunner.java:415)
	at org.testng.SuiteRunner.run(SuiteRunner.java:364)
	at org.testng.SuiteRunnerWorker.runSuite(SuiteRunnerWorker.java:52)
	at org.testng.SuiteRunnerWorker.run(SuiteRunnerWorker.java:84)
	at org.testng.TestNG.runSuitesSequentially(TestNG.java:1208)
	at org.testng.TestNG.runSuitesLocally(TestNG.java:1137)
	at org.testng.TestNG.runSuites(TestNG.java:1049)
	at org.testng.TestNG.run(TestNG.java:1017)
	at org.testng.remote.AbstractRemoteTestNG.run(AbstractRemoteTestNG.java:132)
	at org.testng.remote.RemoteTestNG.initAndRun(RemoteTestNG.java:230)
	at org.testng.remote.RemoteTestNG.main(RemoteTestNG.java:76)
</pre></div></td>
<td>0</td>
<td>postAPITests.OptionTradeTests@68c4039c</td></tr>
<tr>
<td title='postAPITests.OptionTradeTests.tc31_options_european_invalid_deliveryDate()'><b>tc31_options_european_invalid_deliveryDate</b><br>Test class: postAPITests.OptionTradeTests<br>Test method: OPTIONS:For European style, invalid deliveryDate should throw error</td>
<td><div><pre>java.lang.AssertionError: The following asserts failed:
	Expected and actual post response status doesn&apos;t match expected [ERROR] but found [SUCCESS],
	Expected and actual Post response messages doesn&apos;t match expected [true] but found [false]
	at postAPITests.OptionTradeTests.validate(OptionTradeTests.java:204)
	at postAPITests.OptionTradeTests.tc31_options_european_invalid_deliveryDate(OptionTradeTests.java:191)
... Removed 26 stack frames</pre></div><a href='#' onClick='toggleBox("stack-trace226586078", this, "Click to show all stack frames", "Click to hide stack frames")'>Click to show all stack frames</a>
<div class='stack-trace' id='stack-trace226586078'><pre>java.lang.AssertionError: The following asserts failed:
	Expected and actual post response status doesn&apos;t match expected [ERROR] but found [SUCCESS],
	Expected and actual Post response messages doesn&apos;t match expected [true] but found [false]
	at org.testng.asserts.SoftAssert.assertAll(SoftAssert.java:43)
	at postAPITests.OptionTradeTests.validate(OptionTradeTests.java:204)
	at postAPITests.OptionTradeTests.tc31_options_european_invalid_deliveryDate(OptionTradeTests.java:191)
	at sun.reflect.NativeMethodAccessorImpl.invoke0(Native Method)
	at sun.reflect.NativeMethodAccessorImpl.invoke(NativeMethodAccessorImpl.java:62)
	at sun.reflect.DelegatingMethodAccessorImpl.invoke(DelegatingMethodAccessorImpl.java:43)
	at java.lang.reflect.Method.invoke(Method.java:497)
	at org.testng.internal.MethodInvocationHelper.invokeMethod(MethodInvocationHelper.java:124)
	at org.testng.internal.Invoker.invokeMethod(Invoker.java:583)
	at org.testng.internal.Invoker.invokeTestMethod(Invoker.java:719)
	at org.testng.internal.Invoker.invokeTestMethods(Invoker.java:989)
	at org.testng.internal.TestMethodWorker.invokeTestMethods(TestMethodWorker.java:125)
	at org.testng.internal.TestMethodWorker.run(TestMethodWorker.java:109)
	at org.testng.TestRunner.privateRun(TestRunner.java:648)
	at org.testng.TestRunner.run(TestRunner.java:505)
	at org.testng.SuiteRunner.runTest(SuiteRunner.java:455)
	at org.testng.SuiteRunner.runSequentially(SuiteRunner.java:450)
	at org.testng.SuiteRunner.privateRun(SuiteRunner.java:415)
	at org.testng.SuiteRunner.run(SuiteRunner.java:364)
	at org.testng.SuiteRunnerWorker.runSuite(SuiteRunnerWorker.java:52)
	at org.testng.SuiteRunnerWorker.run(SuiteRunnerWorker.java:84)
	at org.testng.TestNG.runSuitesSequentially(TestNG.java:1208)
	at org.testng.TestNG.runSuitesLocally(TestNG.java:1137)
	at org.testng.TestNG.runSuites(TestNG.java:1049)
	at org.testng.TestNG.run(TestNG.java:1017)
	at org.testng.remote.AbstractRemoteTestNG.run(AbstractRemoteTestNG.java:132)
	at org.testng.remote.RemoteTestNG.initAndRun(RemoteTestNG.java:230)
	at org.testng.remote.RemoteTestNG.main(RemoteTestNG.java:76)
</pre></div></td>
<td>0</td>
<td>postAPITests.OptionTradeTests@68c4039c</td></tr>
</table><p>
<table width='100%' border='1' class='invocation-passed'>
<tr><td colspan='4' align='center'><b>PASSED TESTS</b></td></tr>
<tr><td><b>Test method</b></td>
<td width="30%"><b>Exception</b></td>
<td width="10%"><b>Time (seconds)</b></td>
<td><b>Instance</b></td>
</tr>
<tr>
<td title='postAPITests.SpotTradeTests.tc01_spot_value_date_after_trade_date()'><b>tc01_spot_value_date_after_trade_date</b><br>Test class: postAPITests.SpotTradeTests<br>Test method: SPOT:Value date is after trade date, with valid counterparty, legal entity and currency</td>
<td></td>
<td>0</td>
<td>postAPITests.SpotTradeTests@ae45eb6</td></tr>
<tr>
<td title='postAPITests.SpotTradeTests.tc02_spot_value_date_same_as_trade_date()'><b>tc02_spot_value_date_same_as_trade_date</b><br>Test class: postAPITests.SpotTradeTests<br>Test method: SPOT:Value date is same as trade date</td>
<td></td>
<td>0</td>
<td>postAPITests.SpotTradeTests@ae45eb6</td></tr>
<tr>
<td title='postAPITests.SpotTradeTests.tc03_spot_value_date_before_trade_date()'><b>tc03_spot_value_date_before_trade_date</b><br>Test class: postAPITests.SpotTradeTests<br>Test method: SPOT:Value date is before trade date</td>
<td></td>
<td>0</td>
<td>postAPITests.SpotTradeTests@ae45eb6</td></tr>
<tr>
<td title='postAPITests.SpotTradeTests.tc04_spot_check_supported_counterparty()'><b>tc04_spot_check_supported_counterparty</b><br>Test class: postAPITests.SpotTradeTests<br>Test method: SPOT:Check supported counterparty</td>
<td></td>
<td>0</td>
<td>postAPITests.SpotTradeTests@ae45eb6</td></tr>
<tr>
<td title='postAPITests.SpotTradeTests.tc05_spot_unsupported_counterparty()'><b>tc05_spot_unsupported_counterparty</b><br>Test class: postAPITests.SpotTradeTests<br>Test method: SPOT:Unsupported counterparty should throw an error</td>
<td></td>
<td>0</td>
<td>postAPITests.SpotTradeTests@ae45eb6</td></tr>
<tr>
<td title='postAPITests.SpotTradeTests.tc07_spot_invalid_currency()'><b>tc07_spot_invalid_currency</b><br>Test class: postAPITests.SpotTradeTests<br>Test method: SPOT:Invalid currencies should throw an error</td>
<td></td>
<td>0</td>
<td>postAPITests.SpotTradeTests@ae45eb6</td></tr>
<tr>
<td title='postAPITests.SpotTradeTests.tc08_spot_weekend_value_date()'><b>tc08_spot_weekend_value_date</b><br>Test class: postAPITests.SpotTradeTests<br>Test method: SPOT:Value date on weekends should throw an error</td>
<td></td>
<td>0</td>
<td>postAPITests.SpotTradeTests@ae45eb6</td></tr>
<tr>
<td title='postAPITests.ForwardTradeTests.tc11_forward_value_date_after_trade_date()'><b>tc11_forward_value_date_after_trade_date</b><br>Test class: postAPITests.ForwardTradeTests<br>Test method: FORWARD:Value date is after trade date, with valid counterparty, legal entity and currency</td>
<td></td>
<td>0</td>
<td>postAPITests.ForwardTradeTests@3532ec19</td></tr>
<tr>
<td title='postAPITests.ForwardTradeTests.tc12_forward_value_date_same_as_trade_date()'><b>tc12_forward_value_date_same_as_trade_date</b><br>Test class: postAPITests.ForwardTradeTests<br>Test method: FORWARD:Value date is same as trade date</td>
<td></td>
<td>0</td>
<td>postAPITests.ForwardTradeTests@3532ec19</td></tr>
<tr>
<td title='postAPITests.ForwardTradeTests.tc13_forward_value_date_before_trade_date()'><b>tc13_forward_value_date_before_trade_date</b><br>Test class: postAPITests.ForwardTradeTests<br>Test method: FORWARD:Value date is before trade date</td>
<td></td>
<td>0</td>
<td>postAPITests.ForwardTradeTests@3532ec19</td></tr>
<tr>
<td title='postAPITests.ForwardTradeTests.tc14_forward_weekend_value_date()'><b>tc14_forward_weekend_value_date</b><br>Test class: postAPITests.ForwardTradeTests<br>Test method: FORWARD:Value date on weekends should throw an error</td>
<td></td>
<td>0</td>
<td>postAPITests.ForwardTradeTests@3532ec19</td></tr>
<tr>
<td title='postAPITests.OptionTradeTests.tc17_options_american_exerciseStartDate_after_tradeDate_before_expiryDate()'><b>tc17_options_american_exerciseStartDate_after_tradeDate_before_expiryDate</b><br>Test class: postAPITests.OptionTradeTests<br>Test method: OPTIONS:For American style, exerciseStartDate is after trade date but before the expiry date</td>
<td></td>
<td>0</td>
<td>postAPITests.OptionTradeTests@68c4039c</td></tr>
<tr>
<td title='postAPITests.OptionTradeTests.tc21_options_american_expiryDate_on_weekend()'><b>tc21_options_american_expiryDate_on_weekend</b><br>Test class: postAPITests.OptionTradeTests<br>Test method: OPTIONS:For American style, expiryDate on weekend should throw error</td>
<td></td>
<td>0</td>
<td>postAPITests.OptionTradeTests@68c4039c</td></tr>
<tr>
<td title='postAPITests.OptionTradeTests.tc22_options_american_expiryDate_before_tradeDate()'><b>tc22_options_american_expiryDate_before_tradeDate</b><br>Test class: postAPITests.OptionTradeTests<br>Test method: OPTIONS:For American style, expiryDate before tradeDate should throw error</td>
<td></td>
<td>0</td>
<td>postAPITests.OptionTradeTests@68c4039c</td></tr>
<tr>
<td title='postAPITests.OptionTradeTests.tc23_options_american_expiryDate_after_deliveryDate()'><b>tc23_options_american_expiryDate_after_deliveryDate</b><br>Test class: postAPITests.OptionTradeTests<br>Test method: OPTIONS:For American style, expiryDate after deliveryDate should throw error</td>
<td></td>
<td>0</td>
<td>postAPITests.OptionTradeTests@68c4039c</td></tr>
<tr>
<td title='postAPITests.OptionTradeTests.tc26_options_european_expiryDate_premiumDate_before_deliveryDate()'><b>tc26_options_european_expiryDate_premiumDate_before_deliveryDate</b><br>Test class: postAPITests.OptionTradeTests<br>Test method: OPTIONS:For European style, expiryDate & premiumDate should be before deliveryDate</td>
<td></td>
<td>0</td>
<td>postAPITests.OptionTradeTests@68c4039c</td></tr>
<tr>
<td title='postAPITests.OptionTradeTests.tc27_options_invalid_style()'><b>tc27_options_invalid_style</b><br>Test class: postAPITests.OptionTradeTests<br>Test method: OPTIONS:For invalid style, API should throw error</td>
<td></td>
<td>0</td>
<td>postAPITests.OptionTradeTests@68c4039c</td></tr>
<tr>
<td title='postAPITests.OptionTradeTests.tc29_options_european_expiryDate_after_premiumDate_before_deliveryDate()'><b>tc29_options_european_expiryDate_after_premiumDate_before_deliveryDate</b><br>Test class: postAPITests.OptionTradeTests<br>Test method: OPTIONS:For European style, expiryDate is after premiumDate but before deliveryDate</td>
<td></td>
<td>0</td>
<td>postAPITests.OptionTradeTests@68c4039c</td></tr>
<tr>
<td title='postAPITests.OptionTradeTests.tc30_options_european_expiryDate_premiumDate_after_deliveryDate()'><b>tc30_options_european_expiryDate_premiumDate_after_deliveryDate</b><br>Test class: postAPITests.OptionTradeTests<br>Test method: OPTIONS:For European style, expiryDate & premiumDate is after deliveryDate</td>
<td></td>
<td>0</td>
<td>postAPITests.OptionTradeTests@68c4039c</td></tr>
</table><p>
</body>
</html>