<?xml version="1.0" encoding="UTF-8"?>
<!-- Generated by org.testng.reporters.JUnitXMLReporter -->
<testsuite hostname="Arindam-pc" ignored="0" name="Test" tests="32" failures="13" timestamp="08 Sep 2019 20:42:23 GMT" time="4.387" errors="0">
  <testcase name="tc010_spot_invalid_value_date" time="1.764" classname="postAPITests.SpotTradeTests">
    <failure type="java.lang.AssertionError" message="The following asserts failed:
	Expected and actual post response status doesn&amp;apos;t match expected [ERROR] but found [SUCCESS],
	Expected and actual Post response messages doesn&amp;apos;t match expected [true] but found [false]">
      <![CDATA[java.lang.AssertionError: The following asserts failed:
Expected and actual post response status doesn't match expected [ERROR] but found [SUCCESS],
Expected and actual Post response messages doesn't match expected [true] but found [false]
at postAPITests.SpotTradeTests.validate(SpotTradeTests.java:148)
at postAPITests.SpotTradeTests.tc010_spot_invalid_value_date(SpotTradeTests.java:135)
... Removed 26 stack frames]]>
    </failure>
  </testcase> <!-- tc010_spot_invalid_value_date -->
  <testcase name="tc01_spot_value_date_after_trade_date" time="0.112" classname="postAPITests.SpotTradeTests"/>
  <testcase name="tc02_spot_value_date_same_as_trade_date" time="0.058" classname="postAPITests.SpotTradeTests"/>
  <testcase name="tc03_spot_value_date_before_trade_date" time="0.056" classname="postAPITests.SpotTradeTests"/>
  <testcase name="tc04_spot_check_supported_counterparty" time="0.045" classname="postAPITests.SpotTradeTests"/>
  <testcase name="tc05_spot_unsupported_counterparty" time="0.062" classname="postAPITests.SpotTradeTests"/>
  <testcase name="tc06_spot_illegal_entity" time="0.054" classname="postAPITests.SpotTradeTests">
    <failure type="java.lang.AssertionError" message="The following asserts failed:
	Expected and actual post response status doesn&amp;apos;t match expected [ERROR] but found [SUCCESS],
	Expected and actual Post response messages doesn&amp;apos;t match expected [true] but found [false]">
      <![CDATA[java.lang.AssertionError: The following asserts failed:
Expected and actual post response status doesn't match expected [ERROR] but found [SUCCESS],
Expected and actual Post response messages doesn't match expected [true] but found [false]
at postAPITests.SpotTradeTests.validate(SpotTradeTests.java:148)
at postAPITests.SpotTradeTests.tc06_spot_illegal_entity(SpotTradeTests.java:91)
... Removed 26 stack frames]]>
    </failure>
  </testcase> <!-- tc06_spot_illegal_entity -->
  <testcase name="tc07_spot_invalid_currency" time="0.056" classname="postAPITests.SpotTradeTests"/>
  <testcase name="tc08_spot_weekend_value_date" time="0.048" classname="postAPITests.SpotTradeTests"/>
  <testcase name="tc09_spot_value_date_currency_non_working_day" time="0.043" classname="postAPITests.SpotTradeTests">
    <failure type="java.lang.AssertionError" message="The following asserts failed:
	Expected and actual post response status doesn&amp;apos;t match expected [ERROR] but found [SUCCESS],
	Expected and actual Post response messages doesn&amp;apos;t match expected [true] but found [false]">
      <![CDATA[java.lang.AssertionError: The following asserts failed:
Expected and actual post response status doesn't match expected [ERROR] but found [SUCCESS],
Expected and actual Post response messages doesn't match expected [true] but found [false]
at postAPITests.SpotTradeTests.validate(SpotTradeTests.java:148)
at postAPITests.SpotTradeTests.tc09_spot_value_date_currency_non_working_day(SpotTradeTests.java:124)
... Removed 26 stack frames]]>
    </failure>
  </testcase> <!-- tc09_spot_value_date_currency_non_working_day -->
  <testcase name="tc11_forward_value_date_after_trade_date" time="0.051" classname="postAPITests.ForwardTradeTests"/>
  <testcase name="tc12_forward_value_date_same_as_trade_date" time="0.05" classname="postAPITests.ForwardTradeTests"/>
  <testcase name="tc13_forward_value_date_before_trade_date" time="0.06" classname="postAPITests.ForwardTradeTests"/>
  <testcase name="tc14_forward_weekend_value_date" time="0.048" classname="postAPITests.ForwardTradeTests"/>
  <testcase name="tc15_forward_value_date_currency_non_working_day" time="0.043" classname="postAPITests.ForwardTradeTests">
    <failure type="java.lang.AssertionError" message="The following asserts failed:
	Expected and actual post response status doesn&amp;apos;t match expected [ERROR] but found [SUCCESS],
	Expected and actual Post response messages doesn&amp;apos;t match expected [true] but found [false]">
      <![CDATA[java.lang.AssertionError: The following asserts failed:
Expected and actual post response status doesn't match expected [ERROR] but found [SUCCESS],
Expected and actual Post response messages doesn't match expected [true] but found [false]
at postAPITests.ForwardTradeTests.validate(ForwardTradeTests.java:104)
at postAPITests.ForwardTradeTests.tc15_forward_value_date_currency_non_working_day(ForwardTradeTests.java:80)
... Removed 26 stack frames]]>
    </failure>
  </testcase> <!-- tc15_forward_value_date_currency_non_working_day -->
  <testcase name="tc16_invalid_value_date" time="0.067" classname="postAPITests.ForwardTradeTests">
    <failure type="java.lang.AssertionError" message="The following asserts failed:
	Expected and actual post response status doesn&amp;apos;t match expected [ERROR] but found [SUCCESS],
	Expected and actual Post response messages doesn&amp;apos;t match expected [true] but found [false]">
      <![CDATA[java.lang.AssertionError: The following asserts failed:
Expected and actual post response status doesn't match expected [ERROR] but found [SUCCESS],
Expected and actual Post response messages doesn't match expected [true] but found [false]
at postAPITests.ForwardTradeTests.validate(ForwardTradeTests.java:104)
at postAPITests.ForwardTradeTests.tc16_invalid_value_date(ForwardTradeTests.java:91)
... Removed 26 stack frames]]>
    </failure>
  </testcase> <!-- tc16_invalid_value_date -->
  <testcase name="tc17_options_american_exerciseStartDate_after_tradeDate_before_expiryDate" time="0.078" classname="postAPITests.OptionTradeTests"/>
  <testcase name="tc18_options_american_excerciseStartDate_before_tradeDate_and_expiryDate" time="0.23" classname="postAPITests.OptionTradeTests">
    <failure type="java.lang.AssertionError" message="The following asserts failed:
	Expected and actual post response status doesn&amp;apos;t match expected [ERROR] but found [SUCCESS],
	Expected and actual Post response messages doesn&amp;apos;t match expected [true] but found [false]">
      <![CDATA[java.lang.AssertionError: The following asserts failed:
Expected and actual post response status doesn't match expected [ERROR] but found [SUCCESS],
Expected and actual Post response messages doesn't match expected [true] but found [false]
at postAPITests.OptionTradeTests.validate(OptionTradeTests.java:204)
at postAPITests.OptionTradeTests.tc18_options_american_excerciseStartDate_before_tradeDate_and_expiryDate(OptionTradeTests.java:46)
... Removed 26 stack frames]]>
    </failure>
  </testcase> <!-- tc18_options_american_excerciseStartDate_before_tradeDate_and_expiryDate -->
  <testcase name="tc19_options_american_excerciseStartDate_after_tradeDate_and_expiryDate" time="0.054" classname="postAPITests.OptionTradeTests">
    <failure type="java.lang.AssertionError" message="The following asserts failed:
	Expected and actual post response status doesn&amp;apos;t match expected [ERROR] but found [SUCCESS],
	Expected and actual Post response messages doesn&amp;apos;t match expected [true] but found [false]">
      <![CDATA[java.lang.AssertionError: The following asserts failed:
Expected and actual post response status doesn't match expected [ERROR] but found [SUCCESS],
Expected and actual Post response messages doesn't match expected [true] but found [false]
at postAPITests.OptionTradeTests.validate(OptionTradeTests.java:204)
at postAPITests.OptionTradeTests.tc19_options_american_excerciseStartDate_after_tradeDate_and_expiryDate(OptionTradeTests.java:57)
... Removed 26 stack frames]]>
    </failure>
  </testcase> <!-- tc19_options_american_excerciseStartDate_after_tradeDate_and_expiryDate -->
  <testcase name="tc20_options_american_deliveryDate_before_premiumDate" time="0.057" classname="postAPITests.OptionTradeTests">
    <failure type="java.lang.AssertionError" message="The following asserts failed:
	Expected and actual Post response messages doesn&amp;apos;t match expected [true] but found [false]">
      <![CDATA[java.lang.AssertionError: The following asserts failed:
Expected and actual Post response messages doesn't match expected [true] but found [false]
at postAPITests.OptionTradeTests.validate(OptionTradeTests.java:204)
at postAPITests.OptionTradeTests.tc20_options_american_deliveryDate_before_premiumDate(OptionTradeTests.java:68)
... Removed 26 stack frames]]>
    </failure>
  </testcase> <!-- tc20_options_american_deliveryDate_before_premiumDate -->
  <testcase name="tc21_options_american_expiryDate_on_weekend" time="0.049" classname="postAPITests.OptionTradeTests"/>
  <testcase name="tc22_options_american_expiryDate_before_tradeDate" time="0.041" classname="postAPITests.OptionTradeTests"/>
  <testcase name="tc23_options_american_expiryDate_after_deliveryDate" time="0.051" classname="postAPITests.OptionTradeTests"/>
  <testcase name="tc24_options_american_missing_excerciseStartDate" time="0.055" classname="postAPITests.OptionTradeTests">
    <failure type="java.lang.AssertionError" message="The following asserts failed:
	Expected and actual post response status doesn&amp;apos;t match expected [ERROR] but found [SUCCESS],
	Expected and actual Post response messages doesn&amp;apos;t match expected [true] but found [false]">
      <![CDATA[java.lang.AssertionError: The following asserts failed:
Expected and actual post response status doesn't match expected [ERROR] but found [SUCCESS],
Expected and actual Post response messages doesn't match expected [true] but found [false]
at postAPITests.OptionTradeTests.validate(OptionTradeTests.java:204)
at postAPITests.OptionTradeTests.tc24_options_american_missing_excerciseStartDate(OptionTradeTests.java:112)
... Removed 26 stack frames]]>
    </failure>
  </testcase> <!-- tc24_options_american_missing_excerciseStartDate -->
  <testcase name="tc25_options_american_invalid_tradeDate" time="0.043" classname="postAPITests.OptionTradeTests">
    <failure type="java.lang.AssertionError" message="The following asserts failed:
	Expected and actual post response status doesn&amp;apos;t match expected [ERROR] but found [SUCCESS],
	Expected and actual Post response messages doesn&amp;apos;t match expected [true] but found [false]">
      <![CDATA[java.lang.AssertionError: The following asserts failed:
Expected and actual post response status doesn't match expected [ERROR] but found [SUCCESS],
Expected and actual Post response messages doesn't match expected [true] but found [false]
at postAPITests.OptionTradeTests.validate(OptionTradeTests.java:204)
at postAPITests.OptionTradeTests.tc25_options_american_invalid_tradeDate(OptionTradeTests.java:123)
... Removed 26 stack frames]]>
    </failure>
  </testcase> <!-- tc25_options_american_invalid_tradeDate -->
  <testcase name="tc26_options_european_expiryDate_premiumDate_before_deliveryDate" time="0.053" classname="postAPITests.OptionTradeTests"/>
  <testcase name="tc27_options_invalid_style" time="0.047" classname="postAPITests.OptionTradeTests"/>
  <testcase name="tc28_options_european_premiumDate_same_as_deliveryDate" time="0.06" classname="postAPITests.OptionTradeTests">
    <failure type="java.lang.AssertionError" message="The following asserts failed:
	Expected and actual Post response messages doesn&amp;apos;t match expected [true] but found [false]">
      <![CDATA[java.lang.AssertionError: The following asserts failed:
Expected and actual Post response messages doesn't match expected [true] but found [false]
at postAPITests.OptionTradeTests.validate(OptionTradeTests.java:204)
at postAPITests.OptionTradeTests.tc28_options_european_premiumDate_same_as_deliveryDate(OptionTradeTests.java:157)
... Removed 26 stack frames]]>
    </failure>
  </testcase> <!-- tc28_options_european_premiumDate_same_as_deliveryDate -->
  <testcase name="tc29_options_european_expiryDate_after_premiumDate_before_deliveryDate" time="0.04" classname="postAPITests.OptionTradeTests"/>
  <testcase name="tc30_options_european_expiryDate_premiumDate_after_deliveryDate" time="0.105" classname="postAPITests.OptionTradeTests"/>
  <testcase name="tc31_options_european_invalid_deliveryDate" time="0.041" classname="postAPITests.OptionTradeTests">
    <failure type="java.lang.AssertionError" message="The following asserts failed:
	Expected and actual post response status doesn&amp;apos;t match expected [ERROR] but found [SUCCESS],
	Expected and actual Post response messages doesn&amp;apos;t match expected [true] but found [false]">
      <![CDATA[java.lang.AssertionError: The following asserts failed:
Expected and actual post response status doesn't match expected [ERROR] but found [SUCCESS],
Expected and actual Post response messages doesn't match expected [true] but found [false]
at postAPITests.OptionTradeTests.validate(OptionTradeTests.java:204)
at postAPITests.OptionTradeTests.tc31_options_european_invalid_deliveryDate(OptionTradeTests.java:191)
... Removed 26 stack frames]]>
    </failure>
  </testcase> <!-- tc31_options_european_invalid_deliveryDate -->
  <testcase name="TC01_batch_request" time="0.129" classname="postAPITests.BatchValidation">
    <failure type="java.lang.AssertionError" message="The following asserts failed:
	Status mismatch ovserved for TC --&amp;gt; tc06_spot_illegal_entity expected [ERROR] but found [SUCCESS],
	Message mismatch observed for TC --&amp;gt; tc06_spot_illegal_entity expected [true] but found [false],
	Status mismatch ovserved for TC --&amp;gt; tc09_spot_value_date_currency_non_working_day expected [ERROR] but found [SUCCESS],
	Message mismatch observed for TC --&amp;gt; tc09_spot_value_date_currency_non_working_day expected [true] but found [false],
	Status mismatch ovserved for TC --&amp;gt; tc010_spot_invalid_value_date expected [ERROR] but found [SUCCESS],
	Message mismatch observed for TC --&amp;gt; tc010_spot_invalid_value_date expected [true] but found [false],
	Status mismatch ovserved for TC --&amp;gt; tc15_forward_value_date_currency_non_working_day expected [ERROR] but found [SUCCESS],
	Message mismatch observed for TC --&amp;gt; tc15_forward_value_date_currency_non_working_day expected [true] but found [false],
	Status mismatch ovserved for TC --&amp;gt; tc16_invalid_value_date expected [ERROR] but found [SUCCESS],
	Message mismatch observed for TC --&amp;gt; tc16_invalid_value_date expected [true] but found [false],
	Status mismatch ovserved for TC --&amp;gt; tc18_options_american_excerciseStartDate_before_tradeDate_and_expiryDate expected [ERROR] but found [SUCCESS],
	Message mismatch observed for TC --&amp;gt; tc18_options_american_excerciseStartDate_before_tradeDate_and_expiryDate expected [true] but found [false],
	Status mismatch ovserved for TC --&amp;gt; tc19_options_american_excerciseStartDate_after_tradeDate_and_expiryDate expected [ERROR] but found [SUCCESS],
	Message mismatch observed for TC --&amp;gt; tc19_options_american_excerciseStartDate_after_tradeDate_and_expiryDate expected [true] but found [false],
	Message mismatch observed for TC --&amp;gt; tc20_options_american_deliveryDate_before_premiumDate expected [true] but found [false],
	Status mismatch ovserved for TC --&amp;gt; tc24_options_american_missing_excerciseStartDate expected [ERROR] but found [SUCCESS],
	Message mismatch observed for TC --&amp;gt; tc24_options_american_missing_excerciseStartDate expected [true] but found [false],
	Status mismatch ovserved for TC --&amp;gt; tc25_options_american_invalid_tradeDate expected [ERROR] but found [SUCCESS],
	Message mismatch observed for TC --&amp;gt; tc25_options_american_invalid_tradeDate expected [true] but found [false],
	Message mismatch observed for TC --&amp;gt; tc28_options_european_premiumDate_same_as_deliveryDate expected [true] but found [false],
	Status mismatch ovserved for TC --&amp;gt; tc31_options_european_invalid_deliveryDate expected [ERROR] but found [SUCCESS],
	Message mismatch observed for TC --&amp;gt; tc31_options_european_invalid_deliveryDate expected [true] but found [false]">
      <![CDATA[java.lang.AssertionError: The following asserts failed:
Status mismatch ovserved for TC --> tc06_spot_illegal_entity expected [ERROR] but found [SUCCESS],
Message mismatch observed for TC --> tc06_spot_illegal_entity expected [true] but found [false],
Status mismatch ovserved for TC --> tc09_spot_value_date_currency_non_working_day expected [ERROR] but found [SUCCESS],
Message mismatch observed for TC --> tc09_spot_value_date_currency_non_working_day expected [true] but found [false],
Status mismatch ovserved for TC --> tc010_spot_invalid_value_date expected [ERROR] but found [SUCCESS],
Message mismatch observed for TC --> tc010_spot_invalid_value_date expected [true] but found [false],
Status mismatch ovserved for TC --> tc15_forward_value_date_currency_non_working_day expected [ERROR] but found [SUCCESS],
Message mismatch observed for TC --> tc15_forward_value_date_currency_non_working_day expected [true] but found [false],
Status mismatch ovserved for TC --> tc16_invalid_value_date expected [ERROR] but found [SUCCESS],
Message mismatch observed for TC --> tc16_invalid_value_date expected [true] but found [false],
Status mismatch ovserved for TC --> tc18_options_american_excerciseStartDate_before_tradeDate_and_expiryDate expected [ERROR] but found [SUCCESS],
Message mismatch observed for TC --> tc18_options_american_excerciseStartDate_before_tradeDate_and_expiryDate expected [true] but found [false],
Status mismatch ovserved for TC --> tc19_options_american_excerciseStartDate_after_tradeDate_and_expiryDate expected [ERROR] but found [SUCCESS],
Message mismatch observed for TC --> tc19_options_american_excerciseStartDate_after_tradeDate_and_expiryDate expected [true] but found [false],
Message mismatch observed for TC --> tc20_options_american_deliveryDate_before_premiumDate expected [true] but found [false],
Status mismatch ovserved for TC --> tc24_options_american_missing_excerciseStartDate expected [ERROR] but found [SUCCESS],
Message mismatch observed for TC --> tc24_options_american_missing_excerciseStartDate expected [true] but found [false],
Status mismatch ovserved for TC --> tc25_options_american_invalid_tradeDate expected [ERROR] but found [SUCCESS],
Message mismatch observed for TC --> tc25_options_american_invalid_tradeDate expected [true] but found [false],
Message mismatch observed for TC --> tc28_options_european_premiumDate_same_as_deliveryDate expected [true] but found [false],
Status mismatch ovserved for TC --> tc31_options_european_invalid_deliveryDate expected [ERROR] but found [SUCCESS],
Message mismatch observed for TC --> tc31_options_european_invalid_deliveryDate expected [true] but found [false]
at postAPITests.BatchValidation.validate(BatchValidation.java:56)
at postAPITests.BatchValidation.TC01_batch_request(BatchValidation.java:34)
... Removed 26 stack frames]]>
    </failure>
  </testcase> <!-- TC01_batch_request -->
</testsuite> <!-- Test -->
