<?xml version="1.0" encoding="UTF-8"?>
<!-- Generated by org.testng.reporters.JUnitReportReporter -->
<testsuite skipped="0" hostname="Arindam-pc" name="postAPITests.BatchValidation" tests="1" failures="1" timestamp="08 Sep 2019 20:42:23 GMT" time="0.129" errors="0">
  <testcase name="TC01_batch_request" time="0.129" classname="postAPITests.BatchValidation">
    <failure type="java.lang.AssertionError" message="The following asserts failed:
	Status mismatch ovserved for TC --&gt; tc06_spot_illegal_entity expected [ERROR] but found [SUCCESS],
	Message mismatch observed for TC --&gt; tc06_spot_illegal_entity expected [true] but found [false],
	Status mismatch ovserved for TC --&gt; tc09_spot_value_date_currency_non_working_day expected [ERROR] but found [SUCCESS],
	Message mismatch observed for TC --&gt; tc09_spot_value_date_currency_non_working_day expected [true] but found [false],
	Status mismatch ovserved for TC --&gt; tc010_spot_invalid_value_date expected [ERROR] but found [SUCCESS],
	Message mismatch observed for TC --&gt; tc010_spot_invalid_value_date expected [true] but found [false],
	Status mismatch ovserved for TC --&gt; tc15_forward_value_date_currency_non_working_day expected [ERROR] but found [SUCCESS],
	Message mismatch observed for TC --&gt; tc15_forward_value_date_currency_non_working_day expected [true] but found [false],
	Status mismatch ovserved for TC --&gt; tc16_invalid_value_date expected [ERROR] but found [SUCCESS],
	Message mismatch observed for TC --&gt; tc16_invalid_value_date expected [true] but found [false],
	Status mismatch ovserved for TC --&gt; tc18_options_american_excerciseStartDate_before_tradeDate_and_expiryDate expected [ERROR] but found [SUCCESS],
	Message mismatch observed for TC --&gt; tc18_options_american_excerciseStartDate_before_tradeDate_and_expiryDate expected [true] but found [false],
	Status mismatch ovserved for TC --&gt; tc19_options_american_excerciseStartDate_after_tradeDate_and_expiryDate expected [ERROR] but found [SUCCESS],
	Message mismatch observed for TC --&gt; tc19_options_american_excerciseStartDate_after_tradeDate_and_expiryDate expected [true] but found [false],
	Message mismatch observed for TC --&gt; tc20_options_american_deliveryDate_before_premiumDate expected [true] but found [false],
	Status mismatch ovserved for TC --&gt; tc24_options_american_missing_excerciseStartDate expected [ERROR] but found [SUCCESS],
	Message mismatch observed for TC --&gt; tc24_options_american_missing_excerciseStartDate expected [true] but found [false],
	Status mismatch ovserved for TC --&gt; tc25_options_american_invalid_tradeDate expected [ERROR] but found [SUCCESS],
	Message mismatch observed for TC --&gt; tc25_options_american_invalid_tradeDate expected [true] but found [false],
	Message mismatch observed for TC --&gt; tc28_options_european_premiumDate_same_as_deliveryDate expected [true] but found [false],
	Status mismatch ovserved for TC --&gt; tc31_options_european_invalid_deliveryDate expected [ERROR] but found [SUCCESS],
	Message mismatch observed for TC --&gt; tc31_options_european_invalid_deliveryDate expected [true] but found [false]">
      <![CDATA[java.lang.AssertionError: The following asserts failed:
Status mismatch ovserved for TC --> tc06_spot_illegal_entity expected [ERROR] but found [SUCCESS],
Message mismatch observed for TC --> tc06_spot_illegal_entity expected [true] but found [false],
Status mismatch ovserved for TC --> tc09_spot_value_date_currency_non_working_day expected [ERROR] but found [SUCCESS],
Message mismatch observed for TC --> tc09_spot_value_date_currency_non_working_day expected [true] but found [false],
Status mismatch ovserved for TC --> tc010_spot_invalid_value_date expected [ERROR] but found [SUCCESS],
Message mismatch observed for TC --> tc010_spot_invalid_value_date expected [true] but found [false],
Status mismatch ovserved for TC --> tc15_forward_value_date_currency_non_working_day expected [ERROR] but found [SUCCESS],
Message mismatch observed for TC --> tc15_forward_value_date_currency_non_working_day expected [true] but found [false],
Status mismatch ovserved for TC --> tc16_invalid_value_date expected [ERROR] but found [SUCCESS],
Message mismatch observed for TC --> tc16_invalid_value_date expected [true] but found [false],
Status mismatch ovserved for TC --> tc18_options_american_excerciseStartDate_before_tradeDate_and_expiryDate expected [ERROR] but found [SUCCESS],
Message mismatch observed for TC --> tc18_options_american_excerciseStartDate_before_tradeDate_and_expiryDate expected [true] but found [false],
Status mismatch ovserved for TC --> tc19_options_american_excerciseStartDate_after_tradeDate_and_expiryDate expected [ERROR] but found [SUCCESS],
Message mismatch observed for TC --> tc19_options_american_excerciseStartDate_after_tradeDate_and_expiryDate expected [true] but found [false],
Message mismatch observed for TC --> tc20_options_american_deliveryDate_before_premiumDate expected [true] but found [false],
Status mismatch ovserved for TC --> tc24_options_american_missing_excerciseStartDate expected [ERROR] but found [SUCCESS],
Message mismatch observed for TC --> tc24_options_american_missing_excerciseStartDate expected [true] but found [false],
Status mismatch ovserved for TC --> tc25_options_american_invalid_tradeDate expected [ERROR] but found [SUCCESS],
Message mismatch observed for TC --> tc25_options_american_invalid_tradeDate expected [true] but found [false],
Message mismatch observed for TC --> tc28_options_european_premiumDate_same_as_deliveryDate expected [true] but found [false],
Status mismatch ovserved for TC --> tc31_options_european_invalid_deliveryDate expected [ERROR] but found [SUCCESS],
Message mismatch observed for TC --> tc31_options_european_invalid_deliveryDate expected [true] but found [false]
at org.testng.asserts.SoftAssert.assertAll(SoftAssert.java:43)
at postAPITests.BatchValidation.validate(BatchValidation.java:56)
at postAPITests.BatchValidation.TC01_batch_request(BatchValidation.java:34)
at sun.reflect.NativeMethodAccessorImpl.invoke0(Native Method)
at sun.reflect.NativeMethodAccessorImpl.invoke(NativeMethodAccessorImpl.java:62)
at sun.reflect.DelegatingMethodAccessorImpl.invoke(DelegatingMethodAccessorImpl.java:43)
at java.lang.reflect.Method.invoke(Method.java:497)
at org.testng.internal.MethodInvocationHelper.invokeMethod(MethodInvocationHelper.java:124)
at org.testng.internal.Invoker.invokeMethod(Invoker.java:583)
at org.testng.internal.Invoker.invokeTestMethod(Invoker.java:719)
at org.testng.internal.Invoker.invokeTestMethods(Invoker.java:989)
at org.testng.internal.TestMethodWorker.invokeTestMethods(TestMethodWorker.java:125)
at org.testng.internal.TestMethodWorker.run(TestMethodWorker.java:109)
at org.testng.TestRunner.privateRun(TestRunner.java:648)
at org.testng.TestRunner.run(TestRunner.java:505)
at org.testng.SuiteRunner.runTest(SuiteRunner.java:455)
at org.testng.SuiteRunner.runSequentially(SuiteRunner.java:450)
at org.testng.SuiteRunner.privateRun(SuiteRunner.java:415)
at org.testng.SuiteRunner.run(SuiteRunner.java:364)
at org.testng.SuiteRunnerWorker.runSuite(SuiteRunnerWorker.java:52)
at org.testng.SuiteRunnerWorker.run(SuiteRunnerWorker.java:84)
at org.testng.TestNG.runSuitesSequentially(TestNG.java:1208)
at org.testng.TestNG.runSuitesLocally(TestNG.java:1137)
at org.testng.TestNG.runSuites(TestNG.java:1049)
at org.testng.TestNG.run(TestNG.java:1017)
at org.testng.remote.AbstractRemoteTestNG.run(AbstractRemoteTestNG.java:132)
at org.testng.remote.RemoteTestNG.initAndRun(RemoteTestNG.java:230)
at org.testng.remote.RemoteTestNG.main(RemoteTestNG.java:76)
]]>
    </failure>
  </testcase> <!-- TC01_batch_request -->
</testsuite> <!-- postAPITests.BatchValidation -->
